<?xml version="1.0" encoding="UTF-8"?>
<testsuite name="org.example.getstartet.SimpleFunctionsTest" tests="2" skipped="0" failures="0" errors="0" timestamp="2024-11-28T16:03:44" hostname="KOENB32160" time="0.068">
  <properties/>
  <testcase name="testJoinOptions()" classname="org.example.getstartet.SimpleFunctionsTest" time="0.065"/>
  <testcase name="testHelloWorld()" classname="org.example.getstartet.SimpleFunctionsTest" time="0.001"/>
  <system-out><![CDATA[]]></system-out>
  <system-err><![CDATA[]]></system-err>
</testsuite>
